WARNING:werkzeug: * Debugger is active!
INFO:werkzeug: * Debugger PIN: 211-465-021
INFO:werkzeug: * Detected change in 'C:\\Users\\danil\\PycharmProjects\\REST_service\\app\\server.py', reloading
WARNING:werkzeug: * Debugger is active!
INFO:werkzeug: * Debugger PIN: 211-465-021
INFO:werkzeug: * Detected change in 'C:\\Users\\danil\\PycharmProjects\\REST_service\\app\\server.py', reloading
WARNING:werkzeug: * Debugger is active!
INFO:werkzeug: * Debugger PIN: 211-465-021
INFO:werkzeug: * Detected change in 'C:\\Users\\danil\\PycharmProjects\\REST_service\\app\\server.py', reloading
WARNING:werkzeug: * Debugger is active!
INFO:werkzeug: * Debugger PIN: 211-465-021
INFO:werkzeug: * Detected change in 'C:\\Users\\danil\\PycharmProjects\\REST_service\\app\\server.py', reloading
WARNING:werkzeug: * Debugger is active!
INFO:werkzeug: * Debugger PIN: 211-465-021
INFO:werkzeug: * Detected change in 'C:\\Users\\danil\\PycharmProjects\\REST_service\\app\\server.py', reloading
WARNING:werkzeug: * Debugger is active!
INFO:werkzeug: * Debugger PIN: 211-465-021
INFO:werkzeug: * Detected change in 'C:\\Users\\danil\\PycharmProjects\\REST_service\\app\\server.py', reloading
WARNING:werkzeug: * Debugger is active!
INFO:werkzeug: * Debugger PIN: 211-465-021
INFO:werkzeug: * Detected change in 'C:\\Users\\danil\\PycharmProjects\\REST_service\\app\\server.py', reloading
WARNING:werkzeug: * Debugger is active!
INFO:werkzeug: * Debugger PIN: 211-465-021
INFO:werkzeug:[31m[1mWARNING: This is a development server. Do not use it in a production deployment. Use a production WSGI server instead.[0m
 * Running on http://127.0.0.1:5000
INFO:werkzeug:[33mPress CTRL+C to quit[0m
INFO:werkzeug: * Restarting with stat
WARNING:werkzeug: * Debugger is active!
INFO:werkzeug: * Debugger PIN: 211-465-021
INFO:root:launching task
INFO:root:prediction...
INFO:werkzeug:127.0.0.1 - - [12/Apr/2024 13:23:53] "GET /regno/api/v1.0/getpred?regno_recognize=А939НО196&afts_regno_ai=А939НО190&recognition_accuracy=6.4&afts_regno_ai_score=0.8689166903495789&afts_regno_ai_char_scores=[0.9998925924301147,%200.9999872446060181,%200.9999798536300659,%200.9999990463256836,%200.9988356232643127,%200.9998175501823425,%201.0,%200.999994158744812,%200.8702163696289062]&afts_regno_ai_length_scores=[3.2404470773350624e-10,%203.236617363011618e-10,%203.2367283853140805e-10,%203.2651523151905337e-10,%203.234087164738497e-10,%203.259402747701756e-10,%203.2362224011706076e-10,%204.545459564297971e-09,%202.996458192683349e-08,%201.0,%203.2479344214131345e-10]&camera_type=Стационарная&camera_class=Астра-Трафик&time_check=2021-08-01%2009:02:59&direction=0 HTTP/1.1" 200 -
INFO:werkzeug: * Detected change in 'C:\\Users\\danil\\PycharmProjects\\REST_service\\app\\server.py', reloading
INFO:werkzeug: * Restarting with stat
WARNING:werkzeug: * Debugger is active!
INFO:werkzeug: * Debugger PIN: 211-465-021
INFO:werkzeug: * Detected change in 'C:\\Users\\danil\\PycharmProjects\\REST_service\\app\\server.py', reloading
INFO:werkzeug: * Restarting with stat
INFO:werkzeug:[31m[1mWARNING: This is a development server. Do not use it in a production deployment. Use a production WSGI server instead.[0m
 * Running on http://127.0.0.1:5000
INFO:werkzeug:[33mPress CTRL+C to quit[0m
INFO:werkzeug: * Restarting with stat
WARNING:werkzeug: * Debugger is active!
INFO:werkzeug: * Debugger PIN: 211-465-021
INFO:root:launching task
INFO:root:making prediction...
INFO:werkzeug:127.0.0.1 - - [12/Apr/2024 17:15:00] "[35m[1mGET /regno/api/v1.0/getpred?regno_recognize=А939НО196&afts_regno_ai=А939НО190&recognition_accuracy=6.4&afts_regno_ai_score=0.8689166903495789&afts_regno_ai_char_scores=[0.9998925924301147,%200.9999872446060181,%200.9999798536300659,%200.9999990463256836,%200.9988356232643127,%200.9998175501823425,%201.0,%200.999994158744812,%200.8702163696289062]&afts_regno_ai_length_scores=[3.2404470773350624e-10,%203.236617363011618e-10,%203.2367283853140805e-10,%203.2651523151905337e-10,%203.234087164738497e-10,%203.259402747701756e-10,%203.2362224011706076e-10,%204.545459564297971e-09,%202.996458192683349e-08,%201.0,%203.2479344214131345e-10]&camera_type=Стационарная&camera_class=Астра-Трафик&time_check=2021-08-01%2009:02:59&direction=0 HTTP/1.1[0m" 500 -
INFO:werkzeug:[31m[1mWARNING: This is a development server. Do not use it in a production deployment. Use a production WSGI server instead.[0m
 * Running on http://127.0.0.1:5000
INFO:werkzeug:[33mPress CTRL+C to quit[0m
INFO:werkzeug: * Restarting with stat
WARNING:werkzeug: * Debugger is active!
INFO:werkzeug: * Debugger PIN: 211-465-021
INFO:root:launching task
INFO:root:making prediction...
INFO:werkzeug:127.0.0.1 - - [12/Apr/2024 17:16:37] "[35m[1mGET /regno/api/v1.0/getpred?regno_recognize=А939НО196&afts_regno_ai=А939НО190&recognition_accuracy=6.4&afts_regno_ai_score=0.8689166903495789&afts_regno_ai_char_scores=[0.9998925924301147,%200.9999872446060181,%200.9999798536300659,%200.9999990463256836,%200.9988356232643127,%200.9998175501823425,%201.0,%200.999994158744812,%200.8702163696289062]&afts_regno_ai_length_scores=[3.2404470773350624e-10,%203.236617363011618e-10,%203.2367283853140805e-10,%203.2651523151905337e-10,%203.234087164738497e-10,%203.259402747701756e-10,%203.2362224011706076e-10,%204.545459564297971e-09,%202.996458192683349e-08,%201.0,%203.2479344214131345e-10]&camera_type=Стационарная&camera_class=Астра-Трафик&time_check=2021-08-01%2009:02:59&direction=0 HTTP/1.1[0m" 500 -
INFO:werkzeug: * Detected change in 'C:\\Users\\danil\\PycharmProjects\\ML_microservice\\regno-microservice\\ml\\pick_regno.py', reloading
INFO:werkzeug: * Restarting with stat
INFO:werkzeug:[31m[1mWARNING: This is a development server. Do not use it in a production deployment. Use a production WSGI server instead.[0m
 * Running on http://127.0.0.1:5000
INFO:werkzeug:[33mPress CTRL+C to quit[0m
INFO:werkzeug: * Restarting with stat
WARNING:werkzeug: * Debugger is active!
INFO:werkzeug: * Debugger PIN: 211-465-021
INFO:root:launching task
INFO:root:making prediction...
INFO:werkzeug:127.0.0.1 - - [12/Apr/2024 17:17:18] "[35m[1mGET /regno/api/v1.0/getpred?regno_recognize=А939НО196&afts_regno_ai=А939НО190&recognition_accuracy=6.4&afts_regno_ai_score=0.8689166903495789&afts_regno_ai_char_scores=[0.9998925924301147,%200.9999872446060181,%200.9999798536300659,%200.9999990463256836,%200.9988356232643127,%200.9998175501823425,%201.0,%200.999994158744812,%200.8702163696289062]&afts_regno_ai_length_scores=[3.2404470773350624e-10,%203.236617363011618e-10,%203.2367283853140805e-10,%203.2651523151905337e-10,%203.234087164738497e-10,%203.259402747701756e-10,%203.2362224011706076e-10,%204.545459564297971e-09,%202.996458192683349e-08,%201.0,%203.2479344214131345e-10]&camera_type=Стационарная&camera_class=Астра-Трафик&time_check=2021-08-01%2009:02:59&direction=0 HTTP/1.1[0m" 500 -
INFO:werkzeug:[31m[1mWARNING: This is a development server. Do not use it in a production deployment. Use a production WSGI server instead.[0m
 * Running on http://127.0.0.1:5000
INFO:werkzeug:[33mPress CTRL+C to quit[0m
INFO:werkzeug: * Restarting with stat
WARNING:werkzeug: * Debugger is active!
INFO:werkzeug: * Debugger PIN: 211-465-021
INFO:root:launching task
INFO:root:making prediction...
INFO:werkzeug:127.0.0.1 - - [12/Apr/2024 17:18:28] "[35m[1mGET /regno/api/v1.0/getpred?regno_recognize=А939НО196&afts_regno_ai=А939НО190&recognition_accuracy=6.4&afts_regno_ai_score=0.8689166903495789&afts_regno_ai_char_scores=[0.9998925924301147,%200.9999872446060181,%200.9999798536300659,%200.9999990463256836,%200.9988356232643127,%200.9998175501823425,%201.0,%200.999994158744812,%200.8702163696289062]&afts_regno_ai_length_scores=[3.2404470773350624e-10,%203.236617363011618e-10,%203.2367283853140805e-10,%203.2651523151905337e-10,%203.234087164738497e-10,%203.259402747701756e-10,%203.2362224011706076e-10,%204.545459564297971e-09,%202.996458192683349e-08,%201.0,%203.2479344214131345e-10]&camera_type=Стационарная&camera_class=Астра-Трафик&time_check=2021-08-01%2009:02:59&direction=0 HTTP/1.1[0m" 500 -
INFO:werkzeug:[31m[1mWARNING: This is a development server. Do not use it in a production deployment. Use a production WSGI server instead.[0m
 * Running on http://127.0.0.1:5000
INFO:werkzeug:[33mPress CTRL+C to quit[0m
INFO:werkzeug: * Restarting with stat
WARNING:werkzeug: * Debugger is active!
INFO:werkzeug: * Debugger PIN: 211-465-021
INFO:root:launching task
INFO:root:making prediction...
INFO:werkzeug:127.0.0.1 - - [12/Apr/2024 17:19:56] "[35m[1mGET /regno/api/v1.0/getpred?regno_recognize=А939НО196&afts_regno_ai=А939НО190&recognition_accuracy=6.4&afts_regno_ai_score=0.8689166903495789&afts_regno_ai_char_scores=[0.9998925924301147,%200.9999872446060181,%200.9999798536300659,%200.9999990463256836,%200.9988356232643127,%200.9998175501823425,%201.0,%200.999994158744812,%200.8702163696289062]&afts_regno_ai_length_scores=[3.2404470773350624e-10,%203.236617363011618e-10,%203.2367283853140805e-10,%203.2651523151905337e-10,%203.234087164738497e-10,%203.259402747701756e-10,%203.2362224011706076e-10,%204.545459564297971e-09,%202.996458192683349e-08,%201.0,%203.2479344214131345e-10]&camera_type=Стационарная&camera_class=Астра-Трафик&time_check=2021-08-01%2009:02:59&direction=0 HTTP/1.1[0m" 500 -
INFO:werkzeug:[31m[1mWARNING: This is a development server. Do not use it in a production deployment. Use a production WSGI server instead.[0m
 * Running on http://127.0.0.1:5000
INFO:werkzeug:[33mPress CTRL+C to quit[0m
INFO:werkzeug: * Restarting with stat
WARNING:werkzeug: * Debugger is active!
INFO:werkzeug: * Debugger PIN: 211-465-021
INFO:root:launching task
INFO:root:making prediction...
INFO:werkzeug:127.0.0.1 - - [12/Apr/2024 17:21:48] "[35m[1mGET /regno/api/v1.0/getpred?regno_recognize=А939НО196&afts_regno_ai=А939НО190&recognition_accuracy=6.4&afts_regno_ai_score=0.8689166903495789&afts_regno_ai_char_scores=[0.9998925924301147,%200.9999872446060181,%200.9999798536300659,%200.9999990463256836,%200.9988356232643127,%200.9998175501823425,%201.0,%200.999994158744812,%200.8702163696289062]&afts_regno_ai_length_scores=[3.2404470773350624e-10,%203.236617363011618e-10,%203.2367283853140805e-10,%203.2651523151905337e-10,%203.234087164738497e-10,%203.259402747701756e-10,%203.2362224011706076e-10,%204.545459564297971e-09,%202.996458192683349e-08,%201.0,%203.2479344214131345e-10]&camera_type=Стационарная&camera_class=Астра-Трафик&time_check=2021-08-01%2009:02:59&direction=0 HTTP/1.1[0m" 500 -
INFO:werkzeug:[31m[1mWARNING: This is a development server. Do not use it in a production deployment. Use a production WSGI server instead.[0m
 * Running on http://127.0.0.1:5000
INFO:werkzeug:[33mPress CTRL+C to quit[0m
INFO:werkzeug: * Restarting with stat
WARNING:werkzeug: * Debugger is active!
INFO:werkzeug: * Debugger PIN: 211-465-021
INFO:root:launching task
INFO:root:making prediction...
INFO:werkzeug:127.0.0.1 - - [12/Apr/2024 17:22:15] "[35m[1mGET /regno/api/v1.0/getpred?regno_recognize=А939НО196&afts_regno_ai=А939НО190&recognition_accuracy=6.4&afts_regno_ai_score=0.8689166903495789&afts_regno_ai_char_scores=[0.9998925924301147,%200.9999872446060181,%200.9999798536300659,%200.9999990463256836,%200.9988356232643127,%200.9998175501823425,%201.0,%200.999994158744812,%200.8702163696289062]&afts_regno_ai_length_scores=[3.2404470773350624e-10,%203.236617363011618e-10,%203.2367283853140805e-10,%203.2651523151905337e-10,%203.234087164738497e-10,%203.259402747701756e-10,%203.2362224011706076e-10,%204.545459564297971e-09,%202.996458192683349e-08,%201.0,%203.2479344214131345e-10]&camera_type=Стационарная&camera_class=Астра-Трафик&time_check=2021-08-01%2009:02:59&direction=0 HTTP/1.1[0m" 500 -
INFO:werkzeug:[31m[1mWARNING: This is a development server. Do not use it in a production deployment. Use a production WSGI server instead.[0m
 * Running on http://127.0.0.1:5000
INFO:werkzeug:[33mPress CTRL+C to quit[0m
INFO:werkzeug: * Restarting with stat
WARNING:werkzeug: * Debugger is active!
INFO:werkzeug: * Debugger PIN: 211-465-021
INFO:root:launching task
INFO:root:making prediction...
INFO:root:getting response
INFO:werkzeug:127.0.0.1 - - [12/Apr/2024 17:23:19] "GET /regno/api/v1.0/getpred?regno_recognize=А939НО196&afts_regno_ai=А939НО190&recognition_accuracy=6.4&afts_regno_ai_score=0.8689166903495789&afts_regno_ai_char_scores=[0.9998925924301147,%200.9999872446060181,%200.9999798536300659,%200.9999990463256836,%200.9988356232643127,%200.9998175501823425,%201.0,%200.999994158744812,%200.8702163696289062]&afts_regno_ai_length_scores=[3.2404470773350624e-10,%203.236617363011618e-10,%203.2367283853140805e-10,%203.2651523151905337e-10,%203.234087164738497e-10,%203.259402747701756e-10,%203.2362224011706076e-10,%204.545459564297971e-09,%202.996458192683349e-08,%201.0,%203.2479344214131345e-10]&camera_type=Стационарная&camera_class=Астра-Трафик&time_check=2021-08-01%2009:02:59&direction=0 HTTP/1.1" 200 -
INFO:root:launching task
INFO:root:making prediction...
INFO:root:getting response
INFO:werkzeug:127.0.0.1 - - [12/Apr/2024 17:23:32] "GET /regno/api/v1.0/getpred?regno_recognize=А939НО196&afts_regno_ai=А939НО190&recognition_accuracy=6.4&afts_regno_ai_score=0.8689166903495789&afts_regno_ai_char_scores=[0.9998925924301147,%200.9999872446060181,%200.9999798536300659,%200.9999990463256836,%200.9988356232643127,%200.9998175501823425,%201.0,%200.999994158744812,%200.8702163696289062]&afts_regno_ai_length_scores=[3.2404470773350624e-10,%203.236617363011618e-10,%203.2367283853140805e-10,%203.2651523151905337e-10,%203.234087164738497e-10,%203.259402747701756e-10,%203.2362224011706076e-10,%204.545459564297971e-09,%202.996458192683349e-08,%201.0,%203.2479344214131345e-10]&camera_type=Стационарная&camera_class=Астра-Трафик&time_check=2021-08-01%2009:02:59&direction=0 HTTP/1.1" 200 -
INFO:werkzeug:[31m[1mWARNING: This is a development server. Do not use it in a production deployment. Use a production WSGI server instead.[0m
 * Running on http://127.0.0.1:5000
INFO:werkzeug:[33mPress CTRL+C to quit[0m
INFO:werkzeug: * Restarting with stat
WARNING:werkzeug: * Debugger is active!
INFO:werkzeug: * Debugger PIN: 211-465-021
INFO:root:launching task
INFO:root:making prediction...
INFO:root:getting response
INFO:werkzeug:127.0.0.1 - - [12/Apr/2024 17:25:07] "GET /regno/api/v1.0/getpred?regno_recognize=А939НО196&afts_regno_ai=А939НО190&recognition_accuracy=6.4&afts_regno_ai_score=0.8689166903495789&afts_regno_ai_char_scores=[0.9998925924301147,%200.9999872446060181,%200.9999798536300659,%200.9999990463256836,%200.9988356232643127,%200.9998175501823425,%201.0,%200.999994158744812,%200.8702163696289062]&afts_regno_ai_length_scores=[3.2404470773350624e-10,%203.236617363011618e-10,%203.2367283853140805e-10,%203.2651523151905337e-10,%203.234087164738497e-10,%203.259402747701756e-10,%203.2362224011706076e-10,%204.545459564297971e-09,%202.996458192683349e-08,%201.0,%203.2479344214131345e-10]&camera_type=Стационарная&camera_class=Астра-Трафик&time_check=2021-08-01%2009:02:59&direction=0 HTTP/1.1" 200 -
INFO:werkzeug:[31m[1mWARNING: This is a development server. Do not use it in a production deployment. Use a production WSGI server instead.[0m
 * Running on http://127.0.0.1:5000
INFO:werkzeug:[33mPress CTRL+C to quit[0m
INFO:werkzeug: * Restarting with stat
WARNING:werkzeug: * Debugger is active!
INFO:werkzeug: * Debugger PIN: 211-465-021
INFO:root:launching task
INFO:root:making prediction...
INFO:root:getting response
INFO:werkzeug:127.0.0.1 - - [12/Apr/2024 17:25:29] "GET /regno/api/v1.0/getpred?regno_recognize=А939НО196&afts_regno_ai=А939НО190&recognition_accuracy=6.4&afts_regno_ai_score=0.8689166903495789&afts_regno_ai_char_scores=[0.9998925924301147,%200.9999872446060181,%200.9999798536300659,%200.9999990463256836,%200.9988356232643127,%200.9998175501823425,%201.0,%200.999994158744812,%200.8702163696289062]&afts_regno_ai_length_scores=[3.2404470773350624e-10,%203.236617363011618e-10,%203.2367283853140805e-10,%203.2651523151905337e-10,%203.234087164738497e-10,%203.259402747701756e-10,%203.2362224011706076e-10,%204.545459564297971e-09,%202.996458192683349e-08,%201.0,%203.2479344214131345e-10]&camera_type=Стационарная&camera_class=Астра-Трафик&time_check=2021-08-01%2009:02:59&direction=0 HTTP/1.1" 200 -
INFO:root:launching task
INFO:root:making prediction...
INFO:root:getting response
INFO:werkzeug:127.0.0.1 - - [12/Apr/2024 17:28:22] "GET /regno/api/v1.0/getpred?regno_recognize=А939НО196&afts_regno_ai=А939НО190&recognition_accuracy=6.4&afts_regno_ai_score=0.8689166903495789&afts_regno_ai_char_scores=[0.9998925924301147,%200.9999872446060181,%200.9999798536300659,%200.9999990463256836,%200.9988356232643127,%200.9998175501823425,%201.0,%200.999994158744812,%200.8702163696289062]&afts_regno_ai_length_scores=[3.2404470773350624e-10,%203.236617363011618e-10,%203.2367283853140805e-10,%203.2651523151905337e-10,%203.234087164738497e-10,%203.259402747701756e-10,%203.2362224011706076e-10,%204.545459564297971e-09,%202.996458192683349e-08,%201.0,%203.2479344214131345e-10]&camera_type=Стационарная&camera_class=Астра-Трафик&time_check=2021-08-01%2009:02:59&direction=0 HTTP/1.1" 200 -
